----------------------------------------------------------------
Mon Aug 01 13:16:14 CEST 2022:
Booten von Derby-Version The Apache Software Foundation - Apache Derby - 10.16.1.1 - (1901046): Instanz a816c00e-0182-591e-e72d-000006a12750
für Datenbankverzeichnis C:\Users\aazat\Desktop\Neu\Hochschule\4.Semester\ObjektorientierteAnalyseundDesign\Projekt\HausarbeitOOAD\derbyDB mit Class Loader jdk.internal.loader.ClassLoaders$AppClassLoader@5a10411
Geladen aus file:/C:/Users/aazat/Documents/lib/libs/derby.jar
java.vendor=Oracle Corporation
java.runtime.version=18.0.2+9-61
user.dir=C:\Users\aazat\Desktop\Neu\Hochschule\4.Semester\ObjektorientierteAnalyseundDesign\Projekt\HausarbeitOOAD
os.name=Windows 10
os.arch=amd64
os.version=10.0
derby.system.home=null

------------  Anfang Herunterfahren von Fehlerstack -------------

ERROR XSLA6: Die Datenbank kann nicht wiederhergestellt werden.
	at org.apache.derby.commons/org.apache.derby.shared.common.error.StandardException.newException(StandardException.java:299)
	at org.apache.derby.engine/org.apache.derby.impl.store.raw.log.LogToFile.recover(LogToFile.java:1347)
	at org.apache.derby.engine/org.apache.derby.impl.store.raw.RawStore.boot(RawStore.java:334)
	at org.apache.derby.engine/org.apache.derby.impl.services.monitor.BaseMonitor.boot(BaseMonitor.java:1989)
	at org.apache.derby.engine/org.apache.derby.impl.services.monitor.TopService.bootModule(TopService.java:334)
	at org.apache.derby.engine/org.apache.derby.impl.services.monitor.BaseMonitor.startModule(BaseMonitor.java:527)
	at org.apache.derby.engine/org.apache.derby.impl.services.monitor.FileMonitor.startModule(FileMonitor.java:45)
	at org.apache.derby.engine/org.apache.derby.iapi.services.monitor.Monitor.bootServiceModule(Monitor.java:460)
	at org.apache.derby.engine/org.apache.derby.impl.store.access.RAMAccessManager.bootServiceModule(RAMAccessManager.java:1332)
	at org.apache.derby.engine/org.apache.derby.impl.store.access.RAMAccessManager.boot(RAMAccessManager.java:1035)
	at org.apache.derby.engine/org.apache.derby.impl.services.monitor.BaseMonitor.boot(BaseMonitor.java:1989)
	at org.apache.derby.engine/org.apache.derby.impl.services.monitor.TopService.bootModule(TopService.java:334)
	at org.apache.derby.engine/org.apache.derby.impl.services.monitor.BaseMonitor.startModule(BaseMonitor.java:527)
	at org.apache.derby.engine/org.apache.derby.impl.services.monitor.FileMonitor.startModule(FileMonitor.java:45)
	at org.apache.derby.engine/org.apache.derby.iapi.services.monitor.Monitor.bootServiceModule(Monitor.java:460)
	at org.apache.derby.engine/org.apache.derby.impl.db.BasicDatabase.bootServiceModule(BasicDatabase.java:945)
	at org.apache.derby.engine/org.apache.derby.impl.db.BasicDatabase.bootStore(BasicDatabase.java:773)
	at org.apache.derby.engine/org.apache.derby.impl.db.BasicDatabase.boot(BasicDatabase.java:182)
	at org.apache.derby.engine/org.apache.derby.impl.services.monitor.BaseMonitor.boot(BaseMonitor.java:1989)
	at org.apache.derby.engine/org.apache.derby.impl.services.monitor.TopService.bootModule(TopService.java:334)
	at org.apache.derby.engine/org.apache.derby.impl.services.monitor.BaseMonitor.bootService(BaseMonitor.java:1817)
	at org.apache.derby.engine/org.apache.derby.impl.services.monitor.BaseMonitor.startProviderService(BaseMonitor.java:1683)
	at org.apache.derby.engine/org.apache.derby.impl.services.monitor.BaseMonitor.findProviderAndStartService(BaseMonitor.java:1567)
	at org.apache.derby.engine/org.apache.derby.impl.services.monitor.BaseMonitor.startPersistentService(BaseMonitor.java:988)
	at org.apache.derby.engine/org.apache.derby.iapi.services.monitor.Monitor.startPersistentService(Monitor.java:598)
	at org.apache.derby.engine/org.apache.derby.impl.jdbc.EmbedConnection.startPersistentService(EmbedConnection.java:3994)
	at org.apache.derby.engine/org.apache.derby.impl.jdbc.EmbedConnection.bootDatabase(EmbedConnection.java:2809)
	at org.apache.derby.engine/org.apache.derby.impl.jdbc.EmbedConnection.<init>(EmbedConnection.java:406)
	at org.apache.derby.engine/org.apache.derby.iapi.jdbc.InternalDriver.getNewEmbedConnection(InternalDriver.java:630)
	at org.apache.derby.engine/org.apache.derby.iapi.jdbc.InternalDriver.connect(InternalDriver.java:295)
	at org.apache.derby.engine/org.apache.derby.iapi.jdbc.InternalDriver.connect(InternalDriver.java:922)
	at org.apache.derby.engine/org.apache.derby.iapi.jdbc.AutoloadedDriver.connect(AutoloadedDriver.java:132)
	at java.sql/java.sql.DriverManager.getConnection(DriverManager.java:683)
	at java.sql/java.sql.DriverManager.getConnection(DriverManager.java:191)
	at com.example.hausarbeitooad/com.hausarbeitooad.db.DatabaseConnection.<init>(DatabaseConnection.java:101)
	at com.example.hausarbeitooad/com.hausarbeitooad.db.DatabaseConnection.main(DatabaseConnection.java:39)
Caused by: java.lang.NullPointerException: Cannot invoke "org.apache.derby.iapi.store.raw.ContainerHandle.getPage(long)" because "<parameter1>" is null
	at org.apache.derby.engine/org.apache.derby.impl.store.access.btree.ControlRow.get(ControlRow.java:816)
	at org.apache.derby.engine/org.apache.derby.impl.store.access.btree.index.B2IUndo.findUndo(B2IUndo.java:134)
	at org.apache.derby.engine/org.apache.derby.impl.store.raw.data.LogicalPageOperation.findLogicalPage(LogicalPageOperation.java:352)
	at org.apache.derby.engine/org.apache.derby.impl.store.raw.data.LogicalPageOperation.generateUndo(LogicalPageOperation.java:158)
	at org.apache.derby.engine/org.apache.derby.impl.store.raw.data.InsertOperation.generateUndo(InsertOperation.java:70)
	at org.apache.derby.engine/org.apache.derby.impl.store.raw.log.FileLogger.undo(FileLogger.java:991)
	at org.apache.derby.engine/org.apache.derby.impl.store.raw.xact.Xact.abort(Xact.java:975)
	at org.apache.derby.engine/org.apache.derby.impl.store.raw.xact.XactFactory.rollbackAllTransactions(XactFactory.java:566)
	at org.apache.derby.engine/org.apache.derby.impl.store.raw.log.LogToFile.recover(LogToFile.java:1221)
	... 34 more
============= begin nested exception, level (1) ===========
java.lang.NullPointerException: Cannot invoke "org.apache.derby.iapi.store.raw.ContainerHandle.getPage(long)" because "<parameter1>" is null
	at org.apache.derby.engine/org.apache.derby.impl.store.access.btree.ControlRow.get(ControlRow.java:816)
	at org.apache.derby.engine/org.apache.derby.impl.store.access.btree.index.B2IUndo.findUndo(B2IUndo.java:134)
	at org.apache.derby.engine/org.apache.derby.impl.store.raw.data.LogicalPageOperation.findLogicalPage(LogicalPageOperation.java:352)
	at org.apache.derby.engine/org.apache.derby.impl.store.raw.data.LogicalPageOperation.generateUndo(LogicalPageOperation.java:158)
	at org.apache.derby.engine/org.apache.derby.impl.store.raw.data.InsertOperation.generateUndo(InsertOperation.java:70)
	at org.apache.derby.engine/org.apache.derby.impl.store.raw.log.FileLogger.undo(FileLogger.java:991)
	at org.apache.derby.engine/org.apache.derby.impl.store.raw.xact.Xact.abort(Xact.java:975)
	at org.apache.derby.engine/org.apache.derby.impl.store.raw.xact.XactFactory.rollbackAllTransactions(XactFactory.java:566)
	at org.apache.derby.engine/org.apache.derby.impl.store.raw.log.LogToFile.recover(LogToFile.java:1221)
	at org.apache.derby.engine/org.apache.derby.impl.store.raw.RawStore.boot(RawStore.java:334)
	at org.apache.derby.engine/org.apache.derby.impl.services.monitor.BaseMonitor.boot(BaseMonitor.java:1989)
	at org.apache.derby.engine/org.apache.derby.impl.services.monitor.TopService.bootModule(TopService.java:334)
	at org.apache.derby.engine/org.apache.derby.impl.services.monitor.BaseMonitor.startModule(BaseMonitor.java:527)
	at org.apache.derby.engine/org.apache.derby.impl.services.monitor.FileMonitor.startModule(FileMonitor.java:45)
	at org.apache.derby.engine/org.apache.derby.iapi.services.monitor.Monitor.bootServiceModule(Monitor.java:460)
	at org.apache.derby.engine/org.apache.derby.impl.store.access.RAMAccessManager.bootServiceModule(RAMAccessManager.java:1332)
	at org.apache.derby.engine/org.apache.derby.impl.store.access.RAMAccessManager.boot(RAMAccessManager.java:1035)
	at org.apache.derby.engine/org.apache.derby.impl.services.monitor.BaseMonitor.boot(BaseMonitor.java:1989)
	at org.apache.derby.engine/org.apache.derby.impl.services.monitor.TopService.bootModule(TopService.java:334)
	at org.apache.derby.engine/org.apache.derby.impl.services.monitor.BaseMonitor.startModule(BaseMonitor.java:527)
	at org.apache.derby.engine/org.apache.derby.impl.services.monitor.FileMonitor.startModule(FileMonitor.java:45)
	at org.apache.derby.engine/org.apache.derby.iapi.services.monitor.Monitor.bootServiceModule(Monitor.java:460)
	at org.apache.derby.engine/org.apache.derby.impl.db.BasicDatabase.bootServiceModule(BasicDatabase.java:945)
	at org.apache.derby.engine/org.apache.derby.impl.db.BasicDatabase.bootStore(BasicDatabase.java:773)
	at org.apache.derby.engine/org.apache.derby.impl.db.BasicDatabase.boot(BasicDatabase.java:182)
	at org.apache.derby.engine/org.apache.derby.impl.services.monitor.BaseMonitor.boot(BaseMonitor.java:1989)
	at org.apache.derby.engine/org.apache.derby.impl.services.monitor.TopService.bootModule(TopService.java:334)
	at org.apache.derby.engine/org.apache.derby.impl.services.monitor.BaseMonitor.bootService(BaseMonitor.java:1817)
	at org.apache.derby.engine/org.apache.derby.impl.services.monitor.BaseMonitor.startProviderService(BaseMonitor.java:1683)
	at org.apache.derby.engine/org.apache.derby.impl.services.monitor.BaseMonitor.findProviderAndStartService(BaseMonitor.java:1567)
	at org.apache.derby.engine/org.apache.derby.impl.services.monitor.BaseMonitor.startPersistentService(BaseMonitor.java:988)
	at org.apache.derby.engine/org.apache.derby.iapi.services.monitor.Monitor.startPersistentService(Monitor.java:598)
	at org.apache.derby.engine/org.apache.derby.impl.jdbc.EmbedConnection.startPersistentService(EmbedConnection.java:3994)
	at org.apache.derby.engine/org.apache.derby.impl.jdbc.EmbedConnection.bootDatabase(EmbedConnection.java:2809)
	at org.apache.derby.engine/org.apache.derby.impl.jdbc.EmbedConnection.<init>(EmbedConnection.java:406)
	at org.apache.derby.engine/org.apache.derby.iapi.jdbc.InternalDriver.getNewEmbedConnection(InternalDriver.java:630)
	at org.apache.derby.engine/org.apache.derby.iapi.jdbc.InternalDriver.connect(InternalDriver.java:295)
	at org.apache.derby.engine/org.apache.derby.iapi.jdbc.InternalDriver.connect(InternalDriver.java:922)
	at org.apache.derby.engine/org.apache.derby.iapi.jdbc.AutoloadedDriver.connect(AutoloadedDriver.java:132)
	at java.sql/java.sql.DriverManager.getConnection(DriverManager.java:683)
	at java.sql/java.sql.DriverManager.getConnection(DriverManager.java:191)
	at com.example.hausarbeitooad/com.hausarbeitooad.db.DatabaseConnection.<init>(DatabaseConnection.java:101)
	at com.example.hausarbeitooad/com.hausarbeitooad.db.DatabaseConnection.main(DatabaseConnection.java:39)
============= end nested exception, level (1) ===========


------------  Ende Herunterfahren von Fehlerstack -------------

----------------------------------------------------------------
Mon Aug 01 13:16:14 CEST 2022:
Instanz a816c00e-0182-591e-e72d-000006a12750 im Datenbankverzeichnis C:\Users\aazat\Desktop\Neu\Hochschule\4.Semester\ObjektorientierteAnalyseundDesign\Projekt\HausarbeitOOAD\derbyDB mit Class Loader jdk.internal.loader.ClassLoaders$AppClassLoader@5a10411 wird heruntergefahren
Mon Aug 01 13:16:14 CEST 2022 Thread[main,5,main] Cleanup action starting
java.sql.SQLException: Datenbank 'derbyDB' konnte nicht mit dem Class Loader jdk.internal.loader.ClassLoaders$AppClassLoader@5a10411 gestartet werden. Details können Sie der nächsten Ausnahme entnehmen.
	at org.apache.derby.engine/org.apache.derby.impl.jdbc.SQLExceptionFactory.getSQLException(SQLExceptionFactory.java:115)
	at org.apache.derby.engine/org.apache.derby.impl.jdbc.SQLExceptionFactory.getSQLException(SQLExceptionFactory.java:141)
	at org.apache.derby.engine/org.apache.derby.impl.jdbc.Util.seeNextException(Util.java:252)
	at org.apache.derby.engine/org.apache.derby.impl.jdbc.EmbedConnection.bootDatabase(EmbedConnection.java:2848)
	at org.apache.derby.engine/org.apache.derby.impl.jdbc.EmbedConnection.<init>(EmbedConnection.java:406)
	at org.apache.derby.engine/org.apache.derby.iapi.jdbc.InternalDriver.getNewEmbedConnection(InternalDriver.java:630)
	at org.apache.derby.engine/org.apache.derby.iapi.jdbc.InternalDriver.connect(InternalDriver.java:295)
	at org.apache.derby.engine/org.apache.derby.iapi.jdbc.InternalDriver.connect(InternalDriver.java:922)
	at org.apache.derby.engine/org.apache.derby.iapi.jdbc.AutoloadedDriver.connect(AutoloadedDriver.java:132)
	at java.sql/java.sql.DriverManager.getConnection(DriverManager.java:683)
	at java.sql/java.sql.DriverManager.getConnection(DriverManager.java:191)
	at com.example.hausarbeitooad/com.hausarbeitooad.db.DatabaseConnection.<init>(DatabaseConnection.java:101)
	at com.example.hausarbeitooad/com.hausarbeitooad.db.DatabaseConnection.main(DatabaseConnection.java:39)
Caused by: ERROR XJ040: Datenbank 'derbyDB' konnte nicht mit dem Class Loader jdk.internal.loader.ClassLoaders$AppClassLoader@5a10411 gestartet werden. Details können Sie der nächsten Ausnahme entnehmen.
	at org.apache.derby.commons/org.apache.derby.shared.common.error.StandardException.newException(StandardException.java:299)
	at org.apache.derby.engine/org.apache.derby.impl.jdbc.SQLExceptionFactory.wrapArgsForTransportAcrossDRDA(SQLExceptionFactory.java:170)
	at org.apache.derby.engine/org.apache.derby.impl.jdbc.SQLExceptionFactory.getSQLException(SQLExceptionFactory.java:75)
	... 12 more
Caused by: java.lang.NullPointerException: Cannot invoke "org.apache.derby.iapi.store.raw.ContainerHandle.getPage(long)" because "<parameter1>" is null
	at org.apache.derby.engine/org.apache.derby.impl.store.access.btree.ControlRow.get(ControlRow.java:816)
	at org.apache.derby.engine/org.apache.derby.impl.store.access.btree.index.B2IUndo.findUndo(B2IUndo.java:134)
	at org.apache.derby.engine/org.apache.derby.impl.store.raw.data.LogicalPageOperation.findLogicalPage(LogicalPageOperation.java:352)
	at org.apache.derby.engine/org.apache.derby.impl.store.raw.data.LogicalPageOperation.generateUndo(LogicalPageOperation.java:158)
	at org.apache.derby.engine/org.apache.derby.impl.store.raw.data.InsertOperation.generateUndo(InsertOperation.java:70)
	at org.apache.derby.engine/org.apache.derby.impl.store.raw.log.FileLogger.undo(FileLogger.java:991)
	at org.apache.derby.engine/org.apache.derby.impl.store.raw.xact.Xact.abort(Xact.java:975)
	at org.apache.derby.engine/org.apache.derby.impl.store.raw.xact.XactFactory.rollbackAllTransactions(XactFactory.java:566)
	at org.apache.derby.engine/org.apache.derby.impl.store.raw.log.LogToFile.recover(LogToFile.java:1221)
	at org.apache.derby.engine/org.apache.derby.impl.store.raw.RawStore.boot(RawStore.java:334)
	at org.apache.derby.engine/org.apache.derby.impl.services.monitor.BaseMonitor.boot(BaseMonitor.java:1989)
	at org.apache.derby.engine/org.apache.derby.impl.services.monitor.TopService.bootModule(TopService.java:334)
	at org.apache.derby.engine/org.apache.derby.impl.services.monitor.BaseMonitor.startModule(BaseMonitor.java:527)
	at org.apache.derby.engine/org.apache.derby.impl.services.monitor.FileMonitor.startModule(FileMonitor.java:45)
	at org.apache.derby.engine/org.apache.derby.iapi.services.monitor.Monitor.bootServiceModule(Monitor.java:460)
	at org.apache.derby.engine/org.apache.derby.impl.store.access.RAMAccessManager.bootServiceModule(RAMAccessManager.java:1332)
	at org.apache.derby.engine/org.apache.derby.impl.store.access.RAMAccessManager.boot(RAMAccessManager.java:1035)
	at org.apache.derby.engine/org.apache.derby.impl.services.monitor.BaseMonitor.boot(BaseMonitor.java:1989)
	at org.apache.derby.engine/org.apache.derby.impl.services.monitor.TopService.bootModule(TopService.java:334)
	at org.apache.derby.engine/org.apache.derby.impl.services.monitor.BaseMonitor.startModule(BaseMonitor.java:527)
	at org.apache.derby.engine/org.apache.derby.impl.services.monitor.FileMonitor.startModule(FileMonitor.java:45)
	at org.apache.derby.engine/org.apache.derby.iapi.services.monitor.Monitor.bootServiceModule(Monitor.java:460)
	at org.apache.derby.engine/org.apache.derby.impl.db.BasicDatabase.bootServiceModule(BasicDatabase.java:945)
	at org.apache.derby.engine/org.apache.derby.impl.db.BasicDatabase.bootStore(BasicDatabase.java:773)
	at org.apache.derby.engine/org.apache.derby.impl.db.BasicDatabase.boot(BasicDatabase.java:182)
	at org.apache.derby.engine/org.apache.derby.impl.services.monitor.BaseMonitor.boot(BaseMonitor.java:1989)
	at org.apache.derby.engine/org.apache.derby.impl.services.monitor.TopService.bootModule(TopService.java:334)
	at org.apache.derby.engine/org.apache.derby.impl.services.monitor.BaseMonitor.bootService(BaseMonitor.java:1817)
	at org.apache.derby.engine/org.apache.derby.impl.services.monitor.BaseMonitor.startProviderService(BaseMonitor.java:1683)
	at org.apache.derby.engine/org.apache.derby.impl.services.monitor.BaseMonitor.findProviderAndStartService(BaseMonitor.java:1567)
	at org.apache.derby.engine/org.apache.derby.impl.services.monitor.BaseMonitor.startPersistentService(BaseMonitor.java:988)
	at org.apache.derby.engine/org.apache.derby.iapi.services.monitor.Monitor.startPersistentService(Monitor.java:598)
	at org.apache.derby.engine/org.apache.derby.impl.jdbc.EmbedConnection.startPersistentService(EmbedConnection.java:3994)
	at org.apache.derby.engine/org.apache.derby.impl.jdbc.EmbedConnection.bootDatabase(EmbedConnection.java:2809)
	... 9 more
============= begin nested exception, level (1) ===========
java.sql.SQLException: Java-Ausnahme: 'Cannot invoke "org.apache.derby.iapi.store.raw.ContainerHandle.getPage(long)" because "<parameter1>" is null: java.lang.NullPointerException'.
	at org.apache.derby.engine/org.apache.derby.impl.jdbc.SQLExceptionFactory.getSQLException(SQLExceptionFactory.java:115)
	at org.apache.derby.engine/org.apache.derby.impl.jdbc.SQLExceptionFactory.getSQLException(SQLExceptionFactory.java:141)
	at org.apache.derby.engine/org.apache.derby.impl.jdbc.Util.seeNextException(Util.java:252)
	at org.apache.derby.engine/org.apache.derby.impl.jdbc.Util.javaException(Util.java:274)
	at org.apache.derby.engine/org.apache.derby.impl.jdbc.EmbedConnection.bootDatabase(EmbedConnection.java:2844)
	at org.apache.derby.engine/org.apache.derby.impl.jdbc.EmbedConnection.<init>(EmbedConnection.java:406)
	at org.apache.derby.engine/org.apache.derby.iapi.jdbc.InternalDriver.getNewEmbedConnection(InternalDriver.java:630)
	at org.apache.derby.engine/org.apache.derby.iapi.jdbc.InternalDriver.connect(InternalDriver.java:295)
	at org.apache.derby.engine/org.apache.derby.iapi.jdbc.InternalDriver.connect(InternalDriver.java:922)
	at org.apache.derby.engine/org.apache.derby.iapi.jdbc.AutoloadedDriver.connect(AutoloadedDriver.java:132)
	at java.sql/java.sql.DriverManager.getConnection(DriverManager.java:683)
	at java.sql/java.sql.DriverManager.getConnection(DriverManager.java:191)
	at com.example.hausarbeitooad/com.hausarbeitooad.db.DatabaseConnection.<init>(DatabaseConnection.java:101)
	at com.example.hausarbeitooad/com.hausarbeitooad.db.DatabaseConnection.main(DatabaseConnection.java:39)
Caused by: ERROR XJ001: Java-Ausnahme: 'Cannot invoke "org.apache.derby.iapi.store.raw.ContainerHandle.getPage(long)" because "<parameter1>" is null: java.lang.NullPointerException'.
	at org.apache.derby.commons/org.apache.derby.shared.common.error.StandardException.newException(StandardException.java:299)
	at org.apache.derby.engine/org.apache.derby.impl.jdbc.SQLExceptionFactory.wrapArgsForTransportAcrossDRDA(SQLExceptionFactory.java:170)
	at org.apache.derby.engine/org.apache.derby.impl.jdbc.SQLExceptionFactory.getSQLException(SQLExceptionFactory.java:75)
	... 13 more
Caused by: java.lang.NullPointerException: Cannot invoke "org.apache.derby.iapi.store.raw.ContainerHandle.getPage(long)" because "<parameter1>" is null
	at org.apache.derby.engine/org.apache.derby.impl.store.access.btree.ControlRow.get(ControlRow.java:816)
	at org.apache.derby.engine/org.apache.derby.impl.store.access.btree.index.B2IUndo.findUndo(B2IUndo.java:134)
	at org.apache.derby.engine/org.apache.derby.impl.store.raw.data.LogicalPageOperation.findLogicalPage(LogicalPageOperation.java:352)
	at org.apache.derby.engine/org.apache.derby.impl.store.raw.data.LogicalPageOperation.generateUndo(LogicalPageOperation.java:158)
	at org.apache.derby.engine/org.apache.derby.impl.store.raw.data.InsertOperation.generateUndo(InsertOperation.java:70)
	at org.apache.derby.engine/org.apache.derby.impl.store.raw.log.FileLogger.undo(FileLogger.java:991)
	at org.apache.derby.engine/org.apache.derby.impl.store.raw.xact.Xact.abort(Xact.java:975)
	at org.apache.derby.engine/org.apache.derby.impl.store.raw.xact.XactFactory.rollbackAllTransactions(XactFactory.java:566)
	at org.apache.derby.engine/org.apache.derby.impl.store.raw.log.LogToFile.recover(LogToFile.java:1221)
	at org.apache.derby.engine/org.apache.derby.impl.store.raw.RawStore.boot(RawStore.java:334)
	at org.apache.derby.engine/org.apache.derby.impl.services.monitor.BaseMonitor.boot(BaseMonitor.java:1989)
	at org.apache.derby.engine/org.apache.derby.impl.services.monitor.TopService.bootModule(TopService.java:334)
	at org.apache.derby.engine/org.apache.derby.impl.services.monitor.BaseMonitor.startModule(BaseMonitor.java:527)
	at org.apache.derby.engine/org.apache.derby.impl.services.monitor.FileMonitor.startModule(FileMonitor.java:45)
	at org.apache.derby.engine/org.apache.derby.iapi.services.monitor.Monitor.bootServiceModule(Monitor.java:460)
	at org.apache.derby.engine/org.apache.derby.impl.store.access.RAMAccessManager.bootServiceModule(RAMAccessManager.java:1332)
	at org.apache.derby.engine/org.apache.derby.impl.store.access.RAMAccessManager.boot(RAMAccessManager.java:1035)
	at org.apache.derby.engine/org.apache.derby.impl.services.monitor.BaseMonitor.boot(BaseMonitor.java:1989)
	at org.apache.derby.engine/org.apache.derby.impl.services.monitor.TopService.bootModule(TopService.java:334)
	at org.apache.derby.engine/org.apache.derby.impl.services.monitor.BaseMonitor.startModule(BaseMonitor.java:527)
	at org.apache.derby.engine/org.apache.derby.impl.services.monitor.FileMonitor.startModule(FileMonitor.java:45)
	at org.apache.derby.engine/org.apache.derby.iapi.services.monitor.Monitor.bootServiceModule(Monitor.java:460)
	at org.apache.derby.engine/org.apache.derby.impl.db.BasicDatabase.bootServiceModule(BasicDatabase.java:945)
	at org.apache.derby.engine/org.apache.derby.impl.db.BasicDatabase.bootStore(BasicDatabase.java:773)
	at org.apache.derby.engine/org.apache.derby.impl.db.BasicDatabase.boot(BasicDatabase.java:182)
	at org.apache.derby.engine/org.apache.derby.impl.services.monitor.BaseMonitor.boot(BaseMonitor.java:1989)
	at org.apache.derby.engine/org.apache.derby.impl.services.monitor.TopService.bootModule(TopService.java:334)
	at org.apache.derby.engine/org.apache.derby.impl.services.monitor.BaseMonitor.bootService(BaseMonitor.java:1817)
	at org.apache.derby.engine/org.apache.derby.impl.services.monitor.BaseMonitor.startProviderService(BaseMonitor.java:1683)
	at org.apache.derby.engine/org.apache.derby.impl.services.monitor.BaseMonitor.findProviderAndStartService(BaseMonitor.java:1567)
	at org.apache.derby.engine/org.apache.derby.impl.services.monitor.BaseMonitor.startPersistentService(BaseMonitor.java:988)
	at org.apache.derby.engine/org.apache.derby.iapi.services.monitor.Monitor.startPersistentService(Monitor.java:598)
	at org.apache.derby.engine/org.apache.derby.impl.jdbc.EmbedConnection.startPersistentService(EmbedConnection.java:3994)
	at org.apache.derby.engine/org.apache.derby.impl.jdbc.EmbedConnection.bootDatabase(EmbedConnection.java:2809)
	... 9 more
============= end nested exception, level (1) ===========
============= begin nested exception, level (2) ===========
ERROR XJ001: Java-Ausnahme: 'Cannot invoke "org.apache.derby.iapi.store.raw.ContainerHandle.getPage(long)" because "<parameter1>" is null: java.lang.NullPointerException'.
	at org.apache.derby.commons/org.apache.derby.shared.common.error.StandardException.newException(StandardException.java:299)
	at org.apache.derby.engine/org.apache.derby.impl.jdbc.SQLExceptionFactory.wrapArgsForTransportAcrossDRDA(SQLExceptionFactory.java:170)
	at org.apache.derby.engine/org.apache.derby.impl.jdbc.SQLExceptionFactory.getSQLException(SQLExceptionFactory.java:75)
	at org.apache.derby.engine/org.apache.derby.impl.jdbc.SQLExceptionFactory.getSQLException(SQLExceptionFactory.java:141)
	at org.apache.derby.engine/org.apache.derby.impl.jdbc.Util.seeNextException(Util.java:252)
	at org.apache.derby.engine/org.apache.derby.impl.jdbc.Util.javaException(Util.java:274)
	at org.apache.derby.engine/org.apache.derby.impl.jdbc.EmbedConnection.bootDatabase(EmbedConnection.java:2844)
	at org.apache.derby.engine/org.apache.derby.impl.jdbc.EmbedConnection.<init>(EmbedConnection.java:406)
	at org.apache.derby.engine/org.apache.derby.iapi.jdbc.InternalDriver.getNewEmbedConnection(InternalDriver.java:630)
	at org.apache.derby.engine/org.apache.derby.iapi.jdbc.InternalDriver.connect(InternalDriver.java:295)
	at org.apache.derby.engine/org.apache.derby.iapi.jdbc.InternalDriver.connect(InternalDriver.java:922)
	at org.apache.derby.engine/org.apache.derby.iapi.jdbc.AutoloadedDriver.connect(AutoloadedDriver.java:132)
	at java.sql/java.sql.DriverManager.getConnection(DriverManager.java:683)
	at java.sql/java.sql.DriverManager.getConnection(DriverManager.java:191)
	at com.example.hausarbeitooad/com.hausarbeitooad.db.DatabaseConnection.<init>(DatabaseConnection.java:101)
	at com.example.hausarbeitooad/com.hausarbeitooad.db.DatabaseConnection.main(DatabaseConnection.java:39)
Caused by: java.lang.NullPointerException: Cannot invoke "org.apache.derby.iapi.store.raw.ContainerHandle.getPage(long)" because "<parameter1>" is null
	at org.apache.derby.engine/org.apache.derby.impl.store.access.btree.ControlRow.get(ControlRow.java:816)
	at org.apache.derby.engine/org.apache.derby.impl.store.access.btree.index.B2IUndo.findUndo(B2IUndo.java:134)
	at org.apache.derby.engine/org.apache.derby.impl.store.raw.data.LogicalPageOperation.findLogicalPage(LogicalPageOperation.java:352)
	at org.apache.derby.engine/org.apache.derby.impl.store.raw.data.LogicalPageOperation.generateUndo(LogicalPageOperation.java:158)
	at org.apache.derby.engine/org.apache.derby.impl.store.raw.data.InsertOperation.generateUndo(InsertOperation.java:70)
	at org.apache.derby.engine/org.apache.derby.impl.store.raw.log.FileLogger.undo(FileLogger.java:991)
	at org.apache.derby.engine/org.apache.derby.impl.store.raw.xact.Xact.abort(Xact.java:975)
	at org.apache.derby.engine/org.apache.derby.impl.store.raw.xact.XactFactory.rollbackAllTransactions(XactFactory.java:566)
	at org.apache.derby.engine/org.apache.derby.impl.store.raw.log.LogToFile.recover(LogToFile.java:1221)
	at org.apache.derby.engine/org.apache.derby.impl.store.raw.RawStore.boot(RawStore.java:334)
	at org.apache.derby.engine/org.apache.derby.impl.services.monitor.BaseMonitor.boot(BaseMonitor.java:1989)
	at org.apache.derby.engine/org.apache.derby.impl.services.monitor.TopService.bootModule(TopService.java:334)
	at org.apache.derby.engine/org.apache.derby.impl.services.monitor.BaseMonitor.startModule(BaseMonitor.java:527)
	at org.apache.derby.engine/org.apache.derby.impl.services.monitor.FileMonitor.startModule(FileMonitor.java:45)
	at org.apache.derby.engine/org.apache.derby.iapi.services.monitor.Monitor.bootServiceModule(Monitor.java:460)
	at org.apache.derby.engine/org.apache.derby.impl.store.access.RAMAccessManager.bootServiceModule(RAMAccessManager.java:1332)
	at org.apache.derby.engine/org.apache.derby.impl.store.access.RAMAccessManager.boot(RAMAccessManager.java:1035)
	at org.apache.derby.engine/org.apache.derby.impl.services.monitor.BaseMonitor.boot(BaseMonitor.java:1989)
	at org.apache.derby.engine/org.apache.derby.impl.services.monitor.TopService.bootModule(TopService.java:334)
	at org.apache.derby.engine/org.apache.derby.impl.services.monitor.BaseMonitor.startModule(BaseMonitor.java:527)
	at org.apache.derby.engine/org.apache.derby.impl.services.monitor.FileMonitor.startModule(FileMonitor.java:45)
	at org.apache.derby.engine/org.apache.derby.iapi.services.monitor.Monitor.bootServiceModule(Monitor.java:460)
	at org.apache.derby.engine/org.apache.derby.impl.db.BasicDatabase.bootServiceModule(BasicDatabase.java:945)
	at org.apache.derby.engine/org.apache.derby.impl.db.BasicDatabase.bootStore(BasicDatabase.java:773)
	at org.apache.derby.engine/org.apache.derby.impl.db.BasicDatabase.boot(BasicDatabase.java:182)
	at org.apache.derby.engine/org.apache.derby.impl.services.monitor.BaseMonitor.boot(BaseMonitor.java:1989)
	at org.apache.derby.engine/org.apache.derby.impl.services.monitor.TopService.bootModule(TopService.java:334)
	at org.apache.derby.engine/org.apache.derby.impl.services.monitor.BaseMonitor.bootService(BaseMonitor.java:1817)
	at org.apache.derby.engine/org.apache.derby.impl.services.monitor.BaseMonitor.startProviderService(BaseMonitor.java:1683)
	at org.apache.derby.engine/org.apache.derby.impl.services.monitor.BaseMonitor.findProviderAndStartService(BaseMonitor.java:1567)
	at org.apache.derby.engine/org.apache.derby.impl.services.monitor.BaseMonitor.startPersistentService(BaseMonitor.java:988)
	at org.apache.derby.engine/org.apache.derby.iapi.services.monitor.Monitor.startPersistentService(Monitor.java:598)
	at org.apache.derby.engine/org.apache.derby.impl.jdbc.EmbedConnection.startPersistentService(EmbedConnection.java:3994)
	at org.apache.derby.engine/org.apache.derby.impl.jdbc.EmbedConnection.bootDatabase(EmbedConnection.java:2809)
	... 9 more
============= end nested exception, level (2) ===========
============= begin nested exception, level (3) ===========
java.lang.NullPointerException: Cannot invoke "org.apache.derby.iapi.store.raw.ContainerHandle.getPage(long)" because "<parameter1>" is null
	at org.apache.derby.engine/org.apache.derby.impl.store.access.btree.ControlRow.get(ControlRow.java:816)
	at org.apache.derby.engine/org.apache.derby.impl.store.access.btree.index.B2IUndo.findUndo(B2IUndo.java:134)
	at org.apache.derby.engine/org.apache.derby.impl.store.raw.data.LogicalPageOperation.findLogicalPage(LogicalPageOperation.java:352)
	at org.apache.derby.engine/org.apache.derby.impl.store.raw.data.LogicalPageOperation.generateUndo(LogicalPageOperation.java:158)
	at org.apache.derby.engine/org.apache.derby.impl.store.raw.data.InsertOperation.generateUndo(InsertOperation.java:70)
	at org.apache.derby.engine/org.apache.derby.impl.store.raw.log.FileLogger.undo(FileLogger.java:991)
	at org.apache.derby.engine/org.apache.derby.impl.store.raw.xact.Xact.abort(Xact.java:975)
	at org.apache.derby.engine/org.apache.derby.impl.store.raw.xact.XactFactory.rollbackAllTransactions(XactFactory.java:566)
	at org.apache.derby.engine/org.apache.derby.impl.store.raw.log.LogToFile.recover(LogToFile.java:1221)
	at org.apache.derby.engine/org.apache.derby.impl.store.raw.RawStore.boot(RawStore.java:334)
	at org.apache.derby.engine/org.apache.derby.impl.services.monitor.BaseMonitor.boot(BaseMonitor.java:1989)
	at org.apache.derby.engine/org.apache.derby.impl.services.monitor.TopService.bootModule(TopService.java:334)
	at org.apache.derby.engine/org.apache.derby.impl.services.monitor.BaseMonitor.startModule(BaseMonitor.java:527)
	at org.apache.derby.engine/org.apache.derby.impl.services.monitor.FileMonitor.startModule(FileMonitor.java:45)
	at org.apache.derby.engine/org.apache.derby.iapi.services.monitor.Monitor.bootServiceModule(Monitor.java:460)
	at org.apache.derby.engine/org.apache.derby.impl.store.access.RAMAccessManager.bootServiceModule(RAMAccessManager.java:1332)
	at org.apache.derby.engine/org.apache.derby.impl.store.access.RAMAccessManager.boot(RAMAccessManager.java:1035)
	at org.apache.derby.engine/org.apache.derby.impl.services.monitor.BaseMonitor.boot(BaseMonitor.java:1989)
	at org.apache.derby.engine/org.apache.derby.impl.services.monitor.TopService.bootModule(TopService.java:334)
	at org.apache.derby.engine/org.apache.derby.impl.services.monitor.BaseMonitor.startModule(BaseMonitor.java:527)
	at org.apache.derby.engine/org.apache.derby.impl.services.monitor.FileMonitor.startModule(FileMonitor.java:45)
	at org.apache.derby.engine/org.apache.derby.iapi.services.monitor.Monitor.bootServiceModule(Monitor.java:460)
	at org.apache.derby.engine/org.apache.derby.impl.db.BasicDatabase.bootServiceModule(BasicDatabase.java:945)
	at org.apache.derby.engine/org.apache.derby.impl.db.BasicDatabase.bootStore(BasicDatabase.java:773)
	at org.apache.derby.engine/org.apache.derby.impl.db.BasicDatabase.boot(BasicDatabase.java:182)
	at org.apache.derby.engine/org.apache.derby.impl.services.monitor.BaseMonitor.boot(BaseMonitor.java:1989)
	at org.apache.derby.engine/org.apache.derby.impl.services.monitor.TopService.bootModule(TopService.java:334)
	at org.apache.derby.engine/org.apache.derby.impl.services.monitor.BaseMonitor.bootService(BaseMonitor.java:1817)
	at org.apache.derby.engine/org.apache.derby.impl.services.monitor.BaseMonitor.startProviderService(BaseMonitor.java:1683)
	at org.apache.derby.engine/org.apache.derby.impl.services.monitor.BaseMonitor.findProviderAndStartService(BaseMonitor.java:1567)
	at org.apache.derby.engine/org.apache.derby.impl.services.monitor.BaseMonitor.startPersistentService(BaseMonitor.java:988)
	at org.apache.derby.engine/org.apache.derby.iapi.services.monitor.Monitor.startPersistentService(Monitor.java:598)
	at org.apache.derby.engine/org.apache.derby.impl.jdbc.EmbedConnection.startPersistentService(EmbedConnection.java:3994)
	at org.apache.derby.engine/org.apache.derby.impl.jdbc.EmbedConnection.bootDatabase(EmbedConnection.java:2809)
	at org.apache.derby.engine/org.apache.derby.impl.jdbc.EmbedConnection.<init>(EmbedConnection.java:406)
	at org.apache.derby.engine/org.apache.derby.iapi.jdbc.InternalDriver.getNewEmbedConnection(InternalDriver.java:630)
	at org.apache.derby.engine/org.apache.derby.iapi.jdbc.InternalDriver.connect(InternalDriver.java:295)
	at org.apache.derby.engine/org.apache.derby.iapi.jdbc.InternalDriver.connect(InternalDriver.java:922)
	at org.apache.derby.engine/org.apache.derby.iapi.jdbc.AutoloadedDriver.connect(AutoloadedDriver.java:132)
	at java.sql/java.sql.DriverManager.getConnection(DriverManager.java:683)
	at java.sql/java.sql.DriverManager.getConnection(DriverManager.java:191)
	at com.example.hausarbeitooad/com.hausarbeitooad.db.DatabaseConnection.<init>(DatabaseConnection.java:101)
	at com.example.hausarbeitooad/com.hausarbeitooad.db.DatabaseConnection.main(DatabaseConnection.java:39)
============= end nested exception, level (3) ===========
Cleanup action completed
